[2024-09-25 20:04:22,357][GRUtopia/logs/_log_20240925_200419.txt][INFO] - Loaded data with a total of 10819 items from train
[2024-09-25 20:05:01,588][asyncio][DEBUG] - Using selector: EpollSelector
[2024-09-25 20:05:39,702][omni.kit.telemetry.impl.sentry_extension][INFO] - sentry is disabled for external build
[2024-09-25 20:05:39,703][omni.kit.telemetry.impl.sentry_extension][INFO] - sentry is disabled for external build
[2024-09-25 20:05:43,805][AutoNode][DEBUG] - Defining data type 'any' as 'Any'
[2024-09-25 20:05:43,806][AutoNode][DEBUG] - Defining data type 'bool' as 'Bool' and array 'BoolArray
[2024-09-25 20:05:43,806][AutoNode][DEBUG] - Defining data type 'bundle' as 'Bundle'
[2024-09-25 20:05:43,806][AutoNode][DEBUG] - Defining data type 'colord[3]' as 'Color3d' and array 'Color3dArray
[2024-09-25 20:05:43,807][AutoNode][DEBUG] - Defining data type 'colorf[3]' as 'Color3f' and array 'Color3fArray
[2024-09-25 20:05:43,807][AutoNode][DEBUG] - Defining data type 'colorh[3]' as 'Color3h' and array 'Color3hArray
[2024-09-25 20:05:43,808][AutoNode][DEBUG] - Defining data type 'colord[4]' as 'Color4d' and array 'Color4dArray
[2024-09-25 20:05:43,808][AutoNode][DEBUG] - Defining data type 'colorf[4]' as 'Color4f' and array 'Color4fArray
[2024-09-25 20:05:43,808][AutoNode][DEBUG] - Defining data type 'colorh[4]' as 'Color4h' and array 'Color4hArray
[2024-09-25 20:05:43,809][AutoNode][DEBUG] - Defining data type 'double' as 'Double' and array 'DoubleArray
[2024-09-25 20:05:43,809][AutoNode][DEBUG] - Defining data type 'double[2]' as 'Double2' and array 'Double2Array
[2024-09-25 20:05:43,809][AutoNode][DEBUG] - Defining data type 'double[3]' as 'Double3' and array 'Double3Array
[2024-09-25 20:05:43,810][AutoNode][DEBUG] - Defining data type 'double[4]' as 'Double4' and array 'Double4Array
[2024-09-25 20:05:43,810][AutoNode][DEBUG] - Defining data type 'execution' as 'Execution'
[2024-09-25 20:05:43,811][AutoNode][DEBUG] - Defining data type 'float' as 'Float' and array 'FloatArray
[2024-09-25 20:05:43,811][AutoNode][DEBUG] - Defining data type 'float[2]' as 'Float2' and array 'Float2Array
[2024-09-25 20:05:43,812][AutoNode][DEBUG] - Defining data type 'float[3]' as 'Float3' and array 'Float3Array
[2024-09-25 20:05:43,812][AutoNode][DEBUG] - Defining data type 'float[4]' as 'Float4' and array 'Float4Array
[2024-09-25 20:05:43,812][AutoNode][DEBUG] - Defining data type 'frame[4]' as 'Frame' and array 'FrameArray
[2024-09-25 20:05:43,813][AutoNode][DEBUG] - Defining data type 'half' as 'Half' and array 'HalfArray
[2024-09-25 20:05:43,813][AutoNode][DEBUG] - Defining data type 'half[2]' as 'Half2' and array 'Half2Array
[2024-09-25 20:05:43,814][AutoNode][DEBUG] - Defining data type 'half[3]' as 'Half3' and array 'Half3Array
[2024-09-25 20:05:43,814][AutoNode][DEBUG] - Defining data type 'half[4]' as 'Half4' and array 'Half4Array
[2024-09-25 20:05:43,814][AutoNode][DEBUG] - Defining data type 'int' as 'Int' and array 'IntArray
[2024-09-25 20:05:43,815][AutoNode][DEBUG] - Defining data type 'int[2]' as 'Int2' and array 'Int2Array
[2024-09-25 20:05:43,815][AutoNode][DEBUG] - Defining data type 'int[3]' as 'Int3' and array 'Int3Array
[2024-09-25 20:05:43,816][AutoNode][DEBUG] - Defining data type 'int[4]' as 'Int4' and array 'Int4Array
[2024-09-25 20:05:43,816][AutoNode][DEBUG] - Defining data type 'int64' as 'Int64' and array 'Int64Array
[2024-09-25 20:05:43,816][AutoNode][DEBUG] - Defining data type 'matrixd[2]' as 'Matrix2d' and array 'Matrix2dArray
[2024-09-25 20:05:43,817][AutoNode][DEBUG] - Defining data type 'matrixd[3]' as 'Matrix3d' and array 'Matrix3dArray
[2024-09-25 20:05:43,817][AutoNode][DEBUG] - Defining data type 'matrixd[4]' as 'Matrix4d' and array 'Matrix4dArray
[2024-09-25 20:05:43,818][AutoNode][DEBUG] - Defining data type 'normald[3]' as 'Normal3d' and array 'Normal3dArray
[2024-09-25 20:05:43,818][AutoNode][DEBUG] - Defining data type 'normalf[3]' as 'Normal3f' and array 'Normal3fArray
[2024-09-25 20:05:43,819][AutoNode][DEBUG] - Defining data type 'normalh[3]' as 'Normal3h' and array 'Normal3hArray
[2024-09-25 20:05:43,819][AutoNode][DEBUG] - Defining data type 'objectId' as 'ObjectId' and array 'ObjectIdArray
[2024-09-25 20:05:43,820][AutoNode][DEBUG] - Defining data type 'path' as 'Path'
[2024-09-25 20:05:43,820][AutoNode][DEBUG] - Defining data type 'pointd[3]' as 'Point3d' and array 'Point3dArray
[2024-09-25 20:05:43,821][AutoNode][DEBUG] - Defining data type 'pointf[3]' as 'Point3f' and array 'Point3fArray
[2024-09-25 20:05:43,821][AutoNode][DEBUG] - Defining data type 'pointh[3]' as 'Point3h' and array 'Point3hArray
[2024-09-25 20:05:43,822][AutoNode][DEBUG] - Defining data type 'quatd[4]' as 'Quatd' and array 'QuatdArray
[2024-09-25 20:05:43,822][AutoNode][DEBUG] - Defining data type 'quatf[4]' as 'Quatf' and array 'QuatfArray
[2024-09-25 20:05:43,823][AutoNode][DEBUG] - Defining data type 'quath[4]' as 'Quath' and array 'QuathArray
[2024-09-25 20:05:43,823][AutoNode][DEBUG] - Defining data type 'string' as 'String'
[2024-09-25 20:05:43,824][AutoNode][DEBUG] - Defining data type 'target' as 'Target'
[2024-09-25 20:05:43,825][AutoNode][DEBUG] - Defining data type 'texcoordd[2]' as 'TexCoord2d' and array 'TexCoord2dArray
[2024-09-25 20:05:43,825][AutoNode][DEBUG] - Defining data type 'texcoordf[2]' as 'TexCoord2f' and array 'TexCoord2fArray
[2024-09-25 20:05:43,826][AutoNode][DEBUG] - Defining data type 'texcoordh[2]' as 'TexCoord2h' and array 'TexCoord2hArray
[2024-09-25 20:05:43,826][AutoNode][DEBUG] - Defining data type 'texcoordd[3]' as 'TexCoord3d' and array 'TexCoord3dArray
[2024-09-25 20:05:43,827][AutoNode][DEBUG] - Defining data type 'texcoordf[3]' as 'TexCoord3f' and array 'TexCoord3fArray
[2024-09-25 20:05:43,827][AutoNode][DEBUG] - Defining data type 'texcoordh[3]' as 'TexCoord3h' and array 'TexCoord3hArray
[2024-09-25 20:05:43,828][AutoNode][DEBUG] - Defining data type 'timecode' as 'Timecode' and array 'TimecodeArray
[2024-09-25 20:05:43,828][AutoNode][DEBUG] - Defining data type 'token' as 'Token' and array 'TokenArray
[2024-09-25 20:05:43,828][AutoNode][DEBUG] - Defining data type 'uchar' as 'UChar' and array 'UCharArray
[2024-09-25 20:05:43,829][AutoNode][DEBUG] - Defining data type 'uint' as 'UInt' and array 'UIntArray
[2024-09-25 20:05:43,829][AutoNode][DEBUG] - Defining data type 'uint64' as 'UInt64' and array 'UInt64Array
[2024-09-25 20:05:43,830][AutoNode][DEBUG] - Defining data type 'vectord[3]' as 'Vector3d' and array 'Vector3dArray
[2024-09-25 20:05:43,830][AutoNode][DEBUG] - Defining data type 'vectorf[3]' as 'Vector3f' and array 'Vector3fArray
[2024-09-25 20:05:43,830][AutoNode][DEBUG] - Defining data type 'vectorh[3]' as 'Vector3h' and array 'Vector3hArray
[2024-09-25 20:05:51,602][omni.kit.profiler.window][WARNING] - remove _SpanInstance.__lt__ and use insort 'key' arg instead
[2024-09-25 20:07:00,328][trimesh][DEBUG] - falling back to hashlib hashing: `pip install xxhash`for 50x faster cache checks
[2024-09-25 20:07:02,073][git.cmd][DEBUG] - Popen(['git', 'version'], cwd=/ssd/xiaxinyuan/code/w61-grutopia, stdin=None, shell=False, universal_newlines=False)
[2024-09-25 20:07:02,087][git.cmd][DEBUG] - Popen(['git', 'version'], cwd=/ssd/xiaxinyuan/code/w61-grutopia, stdin=None, shell=False, universal_newlines=False)
[2024-09-25 20:07:02,275][GRUtopia/logs/_log_20240925_200419.txt][INFO] - rendering interval: 5
[2024-09-25 20:07:02,276][GRUtopia/logs/_log_20240925_200419.txt][INFO] - scene_path: ../Matterport3D/data/v1/scans/5LpN3gDmAk7/matterport_mesh/9c6b166997ae486f96d011c1de0b3427/isaacsim_9c6b166997ae486f96d011c1de0b3427.usd
[2024-09-25 20:07:34,304][GRUtopia/logs/_log_20240925_200419.txt][INFO] - {'h1_0': <grutopia_extension.robots.humanoid.HumanoidRobot object at 0x151001d7efe0>}
[2024-09-25 20:07:34,305][GRUtopia/logs/_log_20240925_200419.txt][INFO] - {}
[2024-09-25 20:08:30,494][GRUtopia/logs/_log_20240925_200419.txt][INFO] - Initialized path id 5
[2024-09-25 20:08:30,497][GRUtopia/logs/_log_20240925_200419.txt][INFO] - Scan: 5LpN3gDmAk7
[2024-09-25 20:08:30,498][GRUtopia/logs/_log_20240925_200419.txt][INFO] - Instruction: Enter the bedroom and go around the bed. Go to the closet on the far wall on the left. Stop in the doorway. 
[2024-09-25 20:08:30,499][GRUtopia/logs/_log_20240925_200419.txt][INFO] - Start Position: [ 6.03660011 -3.18623996  4.16564994], Start Rotation: [-0.7071067811865476, -0.0, 0.0, -0.7071067811865475]
[2024-09-25 20:21:21,298][PIL.PngImagePlugin][DEBUG] - STREAM b'IHDR' 16 13
[2024-09-25 20:21:21,299][PIL.PngImagePlugin][DEBUG] - STREAM b'sBIT' 41 4
[2024-09-25 20:21:21,299][PIL.PngImagePlugin][DEBUG] - b'sBIT' 41 4 (unknown)
[2024-09-25 20:21:21,299][PIL.PngImagePlugin][DEBUG] - STREAM b'pHYs' 57 9
[2024-09-25 20:21:21,300][PIL.PngImagePlugin][DEBUG] - STREAM b'IDAT' 78 1189
[2024-09-25 20:21:21,302][PIL.PngImagePlugin][DEBUG] - STREAM b'IHDR' 16 13
[2024-09-25 20:21:21,303][PIL.PngImagePlugin][DEBUG] - STREAM b'sBIT' 41 4
[2024-09-25 20:21:21,303][PIL.PngImagePlugin][DEBUG] - b'sBIT' 41 4 (unknown)
[2024-09-25 20:21:21,304][PIL.PngImagePlugin][DEBUG] - STREAM b'pHYs' 57 9
[2024-09-25 20:21:21,304][PIL.PngImagePlugin][DEBUG] - STREAM b'IDAT' 78 2994
[2024-09-25 20:21:21,389][PIL.PngImagePlugin][DEBUG] - STREAM b'IHDR' 16 13
[2024-09-25 20:21:21,390][PIL.PngImagePlugin][DEBUG] - STREAM b'sBIT' 41 4
[2024-09-25 20:21:21,390][PIL.PngImagePlugin][DEBUG] - b'sBIT' 41 4 (unknown)
[2024-09-25 20:21:21,391][PIL.PngImagePlugin][DEBUG] - STREAM b'pHYs' 57 9
[2024-09-25 20:21:21,391][PIL.PngImagePlugin][DEBUG] - STREAM b'IDAT' 78 374
[2024-09-25 20:21:21,395][PIL.PngImagePlugin][DEBUG] - STREAM b'IHDR' 16 13
[2024-09-25 20:21:21,396][PIL.PngImagePlugin][DEBUG] - STREAM b'sBIT' 41 4
[2024-09-25 20:21:21,397][PIL.PngImagePlugin][DEBUG] - b'sBIT' 41 4 (unknown)
[2024-09-25 20:21:21,397][PIL.PngImagePlugin][DEBUG] - STREAM b'pHYs' 57 9
[2024-09-25 20:21:21,398][PIL.PngImagePlugin][DEBUG] - STREAM b'IDAT' 78 286
[2024-09-25 20:21:21,410][PIL.PngImagePlugin][DEBUG] - STREAM b'IHDR' 16 13
[2024-09-25 20:21:21,411][PIL.PngImagePlugin][DEBUG] - STREAM b'sBIT' 41 4
[2024-09-25 20:21:21,412][PIL.PngImagePlugin][DEBUG] - b'sBIT' 41 4 (unknown)
[2024-09-25 20:21:21,412][PIL.PngImagePlugin][DEBUG] - STREAM b'pHYs' 57 9
[2024-09-25 20:21:21,412][PIL.PngImagePlugin][DEBUG] - STREAM b'IDAT' 78 263
[2024-09-25 20:21:21,415][PIL.PngImagePlugin][DEBUG] - STREAM b'IHDR' 16 13
[2024-09-25 20:21:21,416][PIL.PngImagePlugin][DEBUG] - STREAM b'sBIT' 41 4
[2024-09-25 20:21:21,416][PIL.PngImagePlugin][DEBUG] - b'sBIT' 41 4 (unknown)
[2024-09-25 20:21:21,417][PIL.PngImagePlugin][DEBUG] - STREAM b'pHYs' 57 9
[2024-09-25 20:21:21,417][PIL.PngImagePlugin][DEBUG] - STREAM b'IDAT' 78 387
[2024-09-25 20:21:21,420][PIL.PngImagePlugin][DEBUG] - STREAM b'IHDR' 16 13
[2024-09-25 20:21:21,420][PIL.PngImagePlugin][DEBUG] - STREAM b'sBIT' 41 4
[2024-09-25 20:21:21,421][PIL.PngImagePlugin][DEBUG] - b'sBIT' 41 4 (unknown)
[2024-09-25 20:21:21,422][PIL.PngImagePlugin][DEBUG] - STREAM b'pHYs' 57 9
[2024-09-25 20:21:21,422][PIL.PngImagePlugin][DEBUG] - STREAM b'IDAT' 78 436
[2024-09-25 20:21:21,426][PIL.PngImagePlugin][DEBUG] - STREAM b'IHDR' 16 13
[2024-09-25 20:21:21,427][PIL.PngImagePlugin][DEBUG] - STREAM b'sBIT' 41 4
[2024-09-25 20:21:21,427][PIL.PngImagePlugin][DEBUG] - b'sBIT' 41 4 (unknown)
[2024-09-25 20:21:21,428][PIL.PngImagePlugin][DEBUG] - STREAM b'pHYs' 57 9
[2024-09-25 20:21:21,428][PIL.PngImagePlugin][DEBUG] - STREAM b'IDAT' 78 351
[2024-09-25 20:21:21,431][PIL.PngImagePlugin][DEBUG] - STREAM b'IHDR' 16 13
[2024-09-25 20:21:21,432][PIL.PngImagePlugin][DEBUG] - STREAM b'sBIT' 41 4
[2024-09-25 20:21:21,432][PIL.PngImagePlugin][DEBUG] - b'sBIT' 41 4 (unknown)
[2024-09-25 20:21:21,433][PIL.PngImagePlugin][DEBUG] - STREAM b'pHYs' 57 9
[2024-09-25 20:21:21,433][PIL.PngImagePlugin][DEBUG] - STREAM b'IDAT' 78 364
[2024-09-25 20:21:21,461][matplotlib.font_manager][DEBUG] - findfont: Matching sans\-serif:style=normal:variant=normal:weight=normal:stretch=normal:size=10.0.
[2024-09-25 20:21:21,465][matplotlib.font_manager][DEBUG] - findfont: score(FontEntry(fname='/home/xiaxinyuan/.conda/envs/isaacsim/lib/python3.10/site-packages/matplotlib/mpl-data/fonts/ttf/STIXNonUni.ttf', name='STIXNonUnicode', style='normal', variant='normal', weight=400, stretch='normal', size='scalable')) = 10.05
[2024-09-25 20:21:21,465][matplotlib.font_manager][DEBUG] - findfont: score(FontEntry(fname='/home/xiaxinyuan/.conda/envs/isaacsim/lib/python3.10/site-packages/matplotlib/mpl-data/fonts/ttf/STIXSizThreeSymBol.ttf', name='STIXSizeThreeSym', style='normal', variant='normal', weight=700, stretch='normal', size='scalable')) = 10.335
[2024-09-25 20:21:21,466][matplotlib.font_manager][DEBUG] - findfont: score(FontEntry(fname='/home/xiaxinyuan/.conda/envs/isaacsim/lib/python3.10/site-packages/matplotlib/mpl-data/fonts/ttf/STIXGeneralBolIta.ttf', name='STIXGeneral', style='italic', variant='normal', weight=700, stretch='normal', size='scalable')) = 11.335
[2024-09-25 20:21:21,467][matplotlib.font_manager][DEBUG] - findfont: score(FontEntry(fname='/home/xiaxinyuan/.conda/envs/isaacsim/lib/python3.10/site-packages/matplotlib/mpl-data/fonts/ttf/cmtt10.ttf', name='cmtt10', style='normal', variant='normal', weight=400, stretch='normal', size='scalable')) = 10.05
[2024-09-25 20:21:21,467][matplotlib.font_manager][DEBUG] - findfont: score(FontEntry(fname='/home/xiaxinyuan/.conda/envs/isaacsim/lib/python3.10/site-packages/matplotlib/mpl-data/fonts/ttf/cmsy10.ttf', name='cmsy10', style='normal', variant='normal', weight=400, stretch='normal', size='scalable')) = 10.05
[2024-09-25 20:21:21,468][matplotlib.font_manager][DEBUG] - findfont: score(FontEntry(fname='/home/xiaxinyuan/.conda/envs/isaacsim/lib/python3.10/site-packages/matplotlib/mpl-data/fonts/ttf/cmb10.ttf', name='cmb10', style='normal', variant='normal', weight=400, stretch='normal', size='scalable')) = 10.05
[2024-09-25 20:21:21,468][matplotlib.font_manager][DEBUG] - findfont: score(FontEntry(fname='/home/xiaxinyuan/.conda/envs/isaacsim/lib/python3.10/site-packages/matplotlib/mpl-data/fonts/ttf/STIXNonUniBolIta.ttf', name='STIXNonUnicode', style='italic', variant='normal', weight=700, stretch='normal', size='scalable')) = 11.335
[2024-09-25 20:21:21,469][matplotlib.font_manager][DEBUG] - findfont: score(FontEntry(fname='/home/xiaxinyuan/.conda/envs/isaacsim/lib/python3.10/site-packages/matplotlib/mpl-data/fonts/ttf/DejaVuSans-Oblique.ttf', name='DejaVu Sans', style='oblique', variant='normal', weight=400, stretch='normal', size='scalable')) = 1.05
[2024-09-25 20:21:21,470][matplotlib.font_manager][DEBUG] - findfont: score(FontEntry(fname='/home/xiaxinyuan/.conda/envs/isaacsim/lib/python3.10/site-packages/matplotlib/mpl-data/fonts/ttf/STIXSizFourSymReg.ttf', name='STIXSizeFourSym', style='normal', variant='normal', weight=400, stretch='normal', size='scalable')) = 10.05
[2024-09-25 20:21:21,470][matplotlib.font_manager][DEBUG] - findfont: score(FontEntry(fname='/home/xiaxinyuan/.conda/envs/isaacsim/lib/python3.10/site-packages/matplotlib/mpl-data/fonts/ttf/DejaVuSansMono-BoldOblique.ttf', name='DejaVu Sans Mono', style='oblique', variant='normal', weight=700, stretch='normal', size='scalable')) = 11.335
[2024-09-25 20:21:21,471][matplotlib.font_manager][DEBUG] - findfont: score(FontEntry(fname='/home/xiaxinyuan/.conda/envs/isaacsim/lib/python3.10/site-packages/matplotlib/mpl-data/fonts/ttf/DejaVuSans.ttf', name='DejaVu Sans', style='normal', variant='normal', weight=400, stretch='normal', size='scalable')) = 0.05
[2024-09-25 20:21:21,472][matplotlib.font_manager][DEBUG] - findfont: score(FontEntry(fname='/home/xiaxinyuan/.conda/envs/isaacsim/lib/python3.10/site-packages/matplotlib/mpl-data/fonts/ttf/STIXNonUniBol.ttf', name='STIXNonUnicode', style='normal', variant='normal', weight=700, stretch='normal', size='scalable')) = 10.335
[2024-09-25 20:21:21,472][matplotlib.font_manager][DEBUG] - findfont: score(FontEntry(fname='/home/xiaxinyuan/.conda/envs/isaacsim/lib/python3.10/site-packages/matplotlib/mpl-data/fonts/ttf/STIXSizFourSymBol.ttf', name='STIXSizeFourSym', style='normal', variant='normal', weight=700, stretch='normal', size='scalable')) = 10.335
[2024-09-25 20:21:21,473][matplotlib.font_manager][DEBUG] - findfont: score(FontEntry(fname='/home/xiaxinyuan/.conda/envs/isaacsim/lib/python3.10/site-packages/matplotlib/mpl-data/fonts/ttf/DejaVuSerif-Bold.ttf', name='DejaVu Serif', style='normal', variant='normal', weight=700, stretch='normal', size='scalable')) = 10.335
[2024-09-25 20:21:21,473][matplotlib.font_manager][DEBUG] - findfont: score(FontEntry(fname='/home/xiaxinyuan/.conda/envs/isaacsim/lib/python3.10/site-packages/matplotlib/mpl-data/fonts/ttf/STIXSizTwoSymBol.ttf', name='STIXSizeTwoSym', style='normal', variant='normal', weight=700, stretch='normal', size='scalable')) = 10.335
[2024-09-25 20:21:21,474][matplotlib.font_manager][DEBUG] - findfont: score(FontEntry(fname='/home/xiaxinyuan/.conda/envs/isaacsim/lib/python3.10/site-packages/matplotlib/mpl-data/fonts/ttf/cmss10.ttf', name='cmss10', style='normal', variant='normal', weight=400, stretch='normal', size='scalable')) = 10.05
[2024-09-25 20:21:21,474][matplotlib.font_manager][DEBUG] - findfont: score(FontEntry(fname='/home/xiaxinyuan/.conda/envs/isaacsim/lib/python3.10/site-packages/matplotlib/mpl-data/fonts/ttf/DejaVuSansMono-Bold.ttf', name='DejaVu Sans Mono', style='normal', variant='normal', weight=700, stretch='normal', size='scalable')) = 10.335
[2024-09-25 20:21:21,475][matplotlib.font_manager][DEBUG] - findfont: score(FontEntry(fname='/home/xiaxinyuan/.conda/envs/isaacsim/lib/python3.10/site-packages/matplotlib/mpl-data/fonts/ttf/DejaVuSansDisplay.ttf', name='DejaVu Sans Display', style='normal', variant='normal', weight=400, stretch='normal', size='scalable')) = 10.05
[2024-09-25 20:21:21,475][matplotlib.font_manager][DEBUG] - findfont: score(FontEntry(fname='/home/xiaxinyuan/.conda/envs/isaacsim/lib/python3.10/site-packages/matplotlib/mpl-data/fonts/ttf/DejaVuSerif-BoldItalic.ttf', name='DejaVu Serif', style='italic', variant='normal', weight=700, stretch='normal', size='scalable')) = 11.335
[2024-09-25 20:21:21,476][matplotlib.font_manager][DEBUG] - findfont: score(FontEntry(fname='/home/xiaxinyuan/.conda/envs/isaacsim/lib/python3.10/site-packages/matplotlib/mpl-data/fonts/ttf/STIXGeneralBol.ttf', name='STIXGeneral', style='normal', variant='normal', weight=700, stretch='normal', size='scalable')) = 10.335
[2024-09-25 20:21:21,476][matplotlib.font_manager][DEBUG] - findfont: score(FontEntry(fname='/home/xiaxinyuan/.conda/envs/isaacsim/lib/python3.10/site-packages/matplotlib/mpl-data/fonts/ttf/STIXNonUniIta.ttf', name='STIXNonUnicode', style='italic', variant='normal', weight=400, stretch='normal', size='scalable')) = 11.05
[2024-09-25 20:21:21,477][matplotlib.font_manager][DEBUG] - findfont: score(FontEntry(fname='/home/xiaxinyuan/.conda/envs/isaacsim/lib/python3.10/site-packages/matplotlib/mpl-data/fonts/ttf/STIXGeneralItalic.ttf', name='STIXGeneral', style='italic', variant='normal', weight=400, stretch='normal', size='scalable')) = 11.05
[2024-09-25 20:21:21,477][matplotlib.font_manager][DEBUG] - findfont: score(FontEntry(fname='/home/xiaxinyuan/.conda/envs/isaacsim/lib/python3.10/site-packages/matplotlib/mpl-data/fonts/ttf/DejaVuSerifDisplay.ttf', name='DejaVu Serif Display', style='normal', variant='normal', weight=400, stretch='normal', size='scalable')) = 10.05
[2024-09-25 20:21:21,478][matplotlib.font_manager][DEBUG] - findfont: score(FontEntry(fname='/home/xiaxinyuan/.conda/envs/isaacsim/lib/python3.10/site-packages/matplotlib/mpl-data/fonts/ttf/STIXSizOneSymBol.ttf', name='STIXSizeOneSym', style='normal', variant='normal', weight=700, stretch='normal', size='scalable')) = 10.335
[2024-09-25 20:21:21,478][matplotlib.font_manager][DEBUG] - findfont: score(FontEntry(fname='/home/xiaxinyuan/.conda/envs/isaacsim/lib/python3.10/site-packages/matplotlib/mpl-data/fonts/ttf/cmex10.ttf', name='cmex10', style='normal', variant='normal', weight=400, stretch='normal', size='scalable')) = 10.05
[2024-09-25 20:21:21,479][matplotlib.font_manager][DEBUG] - findfont: score(FontEntry(fname='/home/xiaxinyuan/.conda/envs/isaacsim/lib/python3.10/site-packages/matplotlib/mpl-data/fonts/ttf/DejaVuSansMono-Oblique.ttf', name='DejaVu Sans Mono', style='oblique', variant='normal', weight=400, stretch='normal', size='scalable')) = 11.05
[2024-09-25 20:21:21,479][matplotlib.font_manager][DEBUG] - findfont: score(FontEntry(fname='/home/xiaxinyuan/.conda/envs/isaacsim/lib/python3.10/site-packages/matplotlib/mpl-data/fonts/ttf/STIXSizThreeSymReg.ttf', name='STIXSizeThreeSym', style='normal', variant='normal', weight=400, stretch='normal', size='scalable')) = 10.05
[2024-09-25 20:21:21,480][matplotlib.font_manager][DEBUG] - findfont: score(FontEntry(fname='/home/xiaxinyuan/.conda/envs/isaacsim/lib/python3.10/site-packages/matplotlib/mpl-data/fonts/ttf/DejaVuSerif.ttf', name='DejaVu Serif', style='normal', variant='normal', weight=400, stretch='normal', size='scalable')) = 10.05
[2024-09-25 20:21:21,480][matplotlib.font_manager][DEBUG] - findfont: score(FontEntry(fname='/home/xiaxinyuan/.conda/envs/isaacsim/lib/python3.10/site-packages/matplotlib/mpl-data/fonts/ttf/DejaVuSerif-Italic.ttf', name='DejaVu Serif', style='italic', variant='normal', weight=400, stretch='normal', size='scalable')) = 11.05
[2024-09-25 20:21:21,481][matplotlib.font_manager][DEBUG] - findfont: score(FontEntry(fname='/home/xiaxinyuan/.conda/envs/isaacsim/lib/python3.10/site-packages/matplotlib/mpl-data/fonts/ttf/STIXSizFiveSymReg.ttf', name='STIXSizeFiveSym', style='normal', variant='normal', weight=400, stretch='normal', size='scalable')) = 10.05
[2024-09-25 20:21:21,482][matplotlib.font_manager][DEBUG] - findfont: score(FontEntry(fname='/home/xiaxinyuan/.conda/envs/isaacsim/lib/python3.10/site-packages/matplotlib/mpl-data/fonts/ttf/DejaVuSans-BoldOblique.ttf', name='DejaVu Sans', style='oblique', variant='normal', weight=700, stretch='normal', size='scalable')) = 1.335
[2024-09-25 20:21:21,482][matplotlib.font_manager][DEBUG] - findfont: score(FontEntry(fname='/home/xiaxinyuan/.conda/envs/isaacsim/lib/python3.10/site-packages/matplotlib/mpl-data/fonts/ttf/cmr10.ttf', name='cmr10', style='normal', variant='normal', weight=400, stretch='normal', size='scalable')) = 10.05
[2024-09-25 20:21:21,483][matplotlib.font_manager][DEBUG] - findfont: score(FontEntry(fname='/home/xiaxinyuan/.conda/envs/isaacsim/lib/python3.10/site-packages/matplotlib/mpl-data/fonts/ttf/cmmi10.ttf', name='cmmi10', style='normal', variant='normal', weight=400, stretch='normal', size='scalable')) = 10.05
[2024-09-25 20:21:21,483][matplotlib.font_manager][DEBUG] - findfont: score(FontEntry(fname='/home/xiaxinyuan/.conda/envs/isaacsim/lib/python3.10/site-packages/matplotlib/mpl-data/fonts/ttf/DejaVuSansMono.ttf', name='DejaVu Sans Mono', style='normal', variant='normal', weight=400, stretch='normal', size='scalable')) = 10.05
[2024-09-25 20:21:21,484][matplotlib.font_manager][DEBUG] - findfont: score(FontEntry(fname='/home/xiaxinyuan/.conda/envs/isaacsim/lib/python3.10/site-packages/matplotlib/mpl-data/fonts/ttf/STIXSizTwoSymReg.ttf', name='STIXSizeTwoSym', style='normal', variant='normal', weight=400, stretch='normal', size='scalable')) = 10.05
[2024-09-25 20:21:21,485][matplotlib.font_manager][DEBUG] - findfont: score(FontEntry(fname='/home/xiaxinyuan/.conda/envs/isaacsim/lib/python3.10/site-packages/matplotlib/mpl-data/fonts/ttf/STIXSizOneSymReg.ttf', name='STIXSizeOneSym', style='normal', variant='normal', weight=400, stretch='normal', size='scalable')) = 10.05
[2024-09-25 20:21:21,485][matplotlib.font_manager][DEBUG] - findfont: score(FontEntry(fname='/home/xiaxinyuan/.conda/envs/isaacsim/lib/python3.10/site-packages/matplotlib/mpl-data/fonts/ttf/DejaVuSans-Bold.ttf', name='DejaVu Sans', style='normal', variant='normal', weight=700, stretch='normal', size='scalable')) = 0.33499999999999996
[2024-09-25 20:21:21,486][matplotlib.font_manager][DEBUG] - findfont: score(FontEntry(fname='/home/xiaxinyuan/.conda/envs/isaacsim/lib/python3.10/site-packages/matplotlib/mpl-data/fonts/ttf/STIXGeneral.ttf', name='STIXGeneral', style='normal', variant='normal', weight=400, stretch='normal', size='scalable')) = 10.05
[2024-09-25 20:21:21,486][matplotlib.font_manager][DEBUG] - findfont: score(FontEntry(fname='/usr/share/fonts/truetype/ubuntu/Ubuntu-BI.ttf', name='Ubuntu', style='italic', variant='normal', weight=700, stretch='normal', size='scalable')) = 11.335
[2024-09-25 20:21:21,487][matplotlib.font_manager][DEBUG] - findfont: score(FontEntry(fname='/usr/share/fonts/truetype/ubuntu/Ubuntu-LI.ttf', name='Ubuntu', style='italic', variant='normal', weight=300, stretch='normal', size='scalable')) = 11.145
[2024-09-25 20:21:21,487][matplotlib.font_manager][DEBUG] - findfont: score(FontEntry(fname='/usr/share/fonts/truetype/quicksand/Quicksand-Medium.ttf', name='Quicksand Medium', style='normal', variant='normal', weight=500, stretch='normal', size='scalable')) = 10.145
[2024-09-25 20:21:21,488][matplotlib.font_manager][DEBUG] - findfont: score(FontEntry(fname='/usr/share/fonts/truetype/ubuntu/Ubuntu-MI.ttf', name='Ubuntu', style='italic', variant='normal', weight=500, stretch='normal', size='scalable')) = 11.145
[2024-09-25 20:21:21,488][matplotlib.font_manager][DEBUG] - findfont: score(FontEntry(fname='/usr/share/fonts/truetype/dejavu/DejaVuSans.ttf', name='DejaVu Sans', style='normal', variant='normal', weight=400, stretch='normal', size='scalable')) = 0.05
[2024-09-25 20:21:21,489][matplotlib.font_manager][DEBUG] - findfont: score(FontEntry(fname='/usr/share/fonts/truetype/liberation/LiberationMono-Italic.ttf', name='Liberation Mono', style='italic', variant='normal', weight=400, stretch='normal', size='scalable')) = 11.05
[2024-09-25 20:21:21,489][matplotlib.font_manager][DEBUG] - findfont: score(FontEntry(fname='/usr/share/fonts/truetype/dejavu/DejaVuSansMono-Bold.ttf', name='DejaVu Sans Mono', style='normal', variant='normal', weight=700, stretch='normal', size='scalable')) = 10.335
[2024-09-25 20:21:21,490][matplotlib.font_manager][DEBUG] - findfont: score(FontEntry(fname='/usr/share/fonts/truetype/quicksand/Quicksand-Regular.ttf', name='Quicksand', style='normal', variant='normal', weight=400, stretch='normal', size='scalable')) = 10.05
[2024-09-25 20:21:21,490][matplotlib.font_manager][DEBUG] - findfont: score(FontEntry(fname='/usr/share/fonts/truetype/liberation/LiberationMono-Regular.ttf', name='Liberation Mono', style='normal', variant='normal', weight=400, stretch='normal', size='scalable')) = 10.05
[2024-09-25 20:21:21,491][matplotlib.font_manager][DEBUG] - findfont: score(FontEntry(fname='/usr/share/fonts/truetype/liberation/LiberationSerif-Italic.ttf', name='Liberation Serif', style='italic', variant='normal', weight=400, stretch='normal', size='scalable')) = 11.05
[2024-09-25 20:21:21,491][matplotlib.font_manager][DEBUG] - findfont: score(FontEntry(fname='/usr/share/fonts/truetype/quicksand/Quicksand-Bold.ttf', name='Quicksand', style='normal', variant='normal', weight=700, stretch='normal', size='scalable')) = 10.335
[2024-09-25 20:21:21,492][matplotlib.font_manager][DEBUG] - findfont: score(FontEntry(fname='/usr/share/fonts/truetype/ubuntu/Ubuntu-RI.ttf', name='Ubuntu', style='italic', variant='normal', weight=400, stretch='normal', size='scalable')) = 11.05
[2024-09-25 20:21:21,492][matplotlib.font_manager][DEBUG] - findfont: score(FontEntry(fname='/usr/share/fonts/truetype/liberation/LiberationMono-Bold.ttf', name='Liberation Mono', style='normal', variant='normal', weight=700, stretch='normal', size='scalable')) = 10.335
[2024-09-25 20:21:21,493][matplotlib.font_manager][DEBUG] - findfont: score(FontEntry(fname='/usr/share/fonts/truetype/ubuntu/UbuntuMono-R.ttf', name='Ubuntu Mono', style='normal', variant='normal', weight=400, stretch='normal', size='scalable')) = 10.05
[2024-09-25 20:21:21,494][matplotlib.font_manager][DEBUG] - findfont: score(FontEntry(fname='/usr/share/fonts/truetype/dejavu/DejaVuSerif.ttf', name='DejaVu Serif', style='normal', variant='normal', weight=400, stretch='normal', size='scalable')) = 10.05
[2024-09-25 20:21:21,494][matplotlib.font_manager][DEBUG] - findfont: score(FontEntry(fname='/usr/share/fonts/truetype/liberation/LiberationSansNarrow-Bold.ttf', name='Liberation Sans Narrow', style='normal', variant='normal', weight=700, stretch='condensed', size='scalable')) = 10.535
[2024-09-25 20:21:21,495][matplotlib.font_manager][DEBUG] - findfont: score(FontEntry(fname='/usr/share/fonts/truetype/liberation/LiberationSans-Bold.ttf', name='Liberation Sans', style='normal', variant='normal', weight=700, stretch='normal', size='scalable')) = 10.335
[2024-09-25 20:21:21,495][matplotlib.font_manager][DEBUG] - findfont: score(FontEntry(fname='/usr/share/fonts/truetype/dejavu/DejaVuSans-Bold.ttf', name='DejaVu Sans', style='normal', variant='normal', weight=700, stretch='normal', size='scalable')) = 0.33499999999999996
[2024-09-25 20:21:21,496][matplotlib.font_manager][DEBUG] - findfont: score(FontEntry(fname='/usr/share/fonts/truetype/liberation/LiberationSans-Regular.ttf', name='Liberation Sans', style='normal', variant='normal', weight=400, stretch='normal', size='scalable')) = 10.05
[2024-09-25 20:21:21,496][matplotlib.font_manager][DEBUG] - findfont: score(FontEntry(fname='/usr/share/fonts/truetype/ubuntu/UbuntuMono-RI.ttf', name='Ubuntu Mono', style='italic', variant='normal', weight=400, stretch='normal', size='scalable')) = 11.05
[2024-09-25 20:21:21,497][matplotlib.font_manager][DEBUG] - findfont: score(FontEntry(fname='/usr/share/fonts/truetype/liberation/LiberationSerif-Regular.ttf', name='Liberation Serif', style='normal', variant='normal', weight=400, stretch='normal', size='scalable')) = 10.05
[2024-09-25 20:21:21,497][matplotlib.font_manager][DEBUG] - findfont: score(FontEntry(fname='/usr/share/fonts/truetype/liberation/LiberationSansNarrow-BoldItalic.ttf', name='Liberation Sans Narrow', style='italic', variant='normal', weight=700, stretch='condensed', size='scalable')) = 11.535
[2024-09-25 20:21:21,498][matplotlib.font_manager][DEBUG] - findfont: score(FontEntry(fname='/usr/share/fonts/truetype/liberation/LiberationSans-Italic.ttf', name='Liberation Sans', style='italic', variant='normal', weight=400, stretch='normal', size='scalable')) = 11.05
[2024-09-25 20:21:21,498][matplotlib.font_manager][DEBUG] - findfont: score(FontEntry(fname='/usr/share/fonts/truetype/ubuntu/Ubuntu-R.ttf', name='Ubuntu', style='normal', variant='normal', weight=400, stretch='normal', size='scalable')) = 10.05
[2024-09-25 20:21:21,499][matplotlib.font_manager][DEBUG] - findfont: score(FontEntry(fname='/usr/share/fonts/truetype/liberation/LiberationSans-BoldItalic.ttf', name='Liberation Sans', style='italic', variant='normal', weight=700, stretch='normal', size='scalable')) = 11.335
[2024-09-25 20:21:21,499][matplotlib.font_manager][DEBUG] - findfont: score(FontEntry(fname='/usr/share/fonts/truetype/liberation/LiberationSansNarrow-Regular.ttf', name='Liberation Sans Narrow', style='normal', variant='normal', weight=400, stretch='condensed', size='scalable')) = 10.25
[2024-09-25 20:21:21,500][matplotlib.font_manager][DEBUG] - findfont: score(FontEntry(fname='/usr/share/fonts/truetype/ubuntu/UbuntuMono-B.ttf', name='Ubuntu Mono', style='normal', variant='normal', weight=700, stretch='normal', size='scalable')) = 10.335
[2024-09-25 20:21:21,500][matplotlib.font_manager][DEBUG] - findfont: score(FontEntry(fname='/usr/share/fonts/truetype/dejavu/DejaVuSerif-Bold.ttf', name='DejaVu Serif', style='normal', variant='normal', weight=700, stretch='normal', size='scalable')) = 10.335
[2024-09-25 20:21:21,501][matplotlib.font_manager][DEBUG] - findfont: score(FontEntry(fname='/usr/share/fonts/truetype/liberation/LiberationSerif-BoldItalic.ttf', name='Liberation Serif', style='italic', variant='normal', weight=700, stretch='normal', size='scalable')) = 11.335
[2024-09-25 20:21:21,501][matplotlib.font_manager][DEBUG] - findfont: score(FontEntry(fname='/usr/share/fonts/truetype/liberation/LiberationMono-BoldItalic.ttf', name='Liberation Mono', style='italic', variant='normal', weight=700, stretch='normal', size='scalable')) = 11.335
[2024-09-25 20:21:21,502][matplotlib.font_manager][DEBUG] - findfont: score(FontEntry(fname='/usr/share/fonts/truetype/liberation/LiberationSerif-Bold.ttf', name='Liberation Serif', style='normal', variant='normal', weight=700, stretch='normal', size='scalable')) = 10.335
[2024-09-25 20:21:21,502][matplotlib.font_manager][DEBUG] - findfont: score(FontEntry(fname='/usr/share/fonts/truetype/ubuntu/Ubuntu-M.ttf', name='Ubuntu', style='normal', variant='normal', weight=500, stretch='normal', size='scalable')) = 10.145
[2024-09-25 20:21:21,503][matplotlib.font_manager][DEBUG] - findfont: score(FontEntry(fname='/usr/share/fonts/truetype/dejavu/DejaVuSansMono.ttf', name='DejaVu Sans Mono', style='normal', variant='normal', weight=400, stretch='normal', size='scalable')) = 10.05
[2024-09-25 20:21:21,503][matplotlib.font_manager][DEBUG] - findfont: score(FontEntry(fname='/usr/share/fonts/truetype/ubuntu/Ubuntu-B.ttf', name='Ubuntu', style='normal', variant='normal', weight=700, stretch='normal', size='scalable')) = 10.335
[2024-09-25 20:21:21,504][matplotlib.font_manager][DEBUG] - findfont: score(FontEntry(fname='/usr/share/fonts/truetype/ubuntu/UbuntuMono-BI.ttf', name='Ubuntu Mono', style='italic', variant='normal', weight=700, stretch='normal', size='scalable')) = 11.335
[2024-09-25 20:21:21,504][matplotlib.font_manager][DEBUG] - findfont: score(FontEntry(fname='/usr/share/fonts/truetype/liberation/LiberationSansNarrow-Italic.ttf', name='Liberation Sans Narrow', style='italic', variant='normal', weight=400, stretch='condensed', size='scalable')) = 11.25
[2024-09-25 20:21:21,505][matplotlib.font_manager][DEBUG] - findfont: score(FontEntry(fname='/usr/share/fonts/truetype/ubuntu/Ubuntu-Th.ttf', name='Ubuntu', style='normal', variant='normal', weight=250, stretch='normal', size='scalable')) = 10.1925
[2024-09-25 20:21:21,506][matplotlib.font_manager][DEBUG] - findfont: score(FontEntry(fname='/usr/share/fonts/truetype/ubuntu/Ubuntu-C.ttf', name='Ubuntu Condensed', style='normal', variant='normal', weight=400, stretch='condensed', size='scalable')) = 10.25
[2024-09-25 20:21:21,506][matplotlib.font_manager][DEBUG] - findfont: score(FontEntry(fname='/usr/share/fonts/truetype/quicksand/Quicksand-Light.ttf', name='Quicksand Light', style='normal', variant='normal', weight=300, stretch='normal', size='scalable')) = 10.145
[2024-09-25 20:21:21,506][matplotlib.font_manager][DEBUG] - findfont: score(FontEntry(fname='/usr/share/fonts/truetype/ubuntu/Ubuntu-L.ttf', name='Ubuntu', style='normal', variant='normal', weight=300, stretch='normal', size='scalable')) = 10.145
[2024-09-25 20:21:21,507][matplotlib.font_manager][DEBUG] - findfont: Matching sans\-serif:style=normal:variant=normal:weight=normal:stretch=normal:size=10.0 to DejaVu Sans ('/home/xiaxinyuan/.conda/envs/isaacsim/lib/python3.10/site-packages/matplotlib/mpl-data/fonts/ttf/DejaVuSans.ttf') with score of 0.050000.
[2024-09-25 20:21:22,817][GRUtopia/logs/_log_20240925_200419.txt][INFO] - Global free map saved at /ssd/xiaxinyuan/code/w61-grutopia/logs/images/train/5/cam_free/topdown_global_freemap.png.
[2024-09-25 20:21:24,050][GRUtopia/logs/_log_20240925_200419.txt][INFO] - update global topdown map at height: 4
[2024-09-25 20:21:24,078][PIL.PngImagePlugin][DEBUG] - STREAM b'IHDR' 16 13
[2024-09-25 20:21:24,079][PIL.PngImagePlugin][DEBUG] - STREAM b'sBIT' 41 4
[2024-09-25 20:21:24,079][PIL.PngImagePlugin][DEBUG] - b'sBIT' 41 4 (unknown)
[2024-09-25 20:21:24,079][PIL.PngImagePlugin][DEBUG] - STREAM b'pHYs' 57 9
[2024-09-25 20:21:24,080][PIL.PngImagePlugin][DEBUG] - STREAM b'IDAT' 78 1189
[2024-09-25 20:21:24,081][PIL.PngImagePlugin][DEBUG] - STREAM b'IHDR' 16 13
[2024-09-25 20:21:24,081][PIL.PngImagePlugin][DEBUG] - STREAM b'sBIT' 41 4
[2024-09-25 20:21:24,082][PIL.PngImagePlugin][DEBUG] - b'sBIT' 41 4 (unknown)
[2024-09-25 20:21:24,082][PIL.PngImagePlugin][DEBUG] - STREAM b'pHYs' 57 9
[2024-09-25 20:21:24,083][PIL.PngImagePlugin][DEBUG] - STREAM b'IDAT' 78 2994
[2024-09-25 20:21:24,166][PIL.PngImagePlugin][DEBUG] - STREAM b'IHDR' 16 13
[2024-09-25 20:21:24,167][PIL.PngImagePlugin][DEBUG] - STREAM b'sBIT' 41 4
[2024-09-25 20:21:24,167][PIL.PngImagePlugin][DEBUG] - b'sBIT' 41 4 (unknown)
[2024-09-25 20:21:24,168][PIL.PngImagePlugin][DEBUG] - STREAM b'pHYs' 57 9
[2024-09-25 20:21:24,168][PIL.PngImagePlugin][DEBUG] - STREAM b'IDAT' 78 374
[2024-09-25 20:21:24,172][PIL.PngImagePlugin][DEBUG] - STREAM b'IHDR' 16 13
[2024-09-25 20:21:24,173][PIL.PngImagePlugin][DEBUG] - STREAM b'sBIT' 41 4
[2024-09-25 20:21:24,174][PIL.PngImagePlugin][DEBUG] - b'sBIT' 41 4 (unknown)
[2024-09-25 20:21:24,175][PIL.PngImagePlugin][DEBUG] - STREAM b'pHYs' 57 9
[2024-09-25 20:21:24,176][PIL.PngImagePlugin][DEBUG] - STREAM b'IDAT' 78 286
[2024-09-25 20:21:24,183][PIL.PngImagePlugin][DEBUG] - STREAM b'IHDR' 16 13
[2024-09-25 20:21:24,184][PIL.PngImagePlugin][DEBUG] - STREAM b'sBIT' 41 4
[2024-09-25 20:21:24,185][PIL.PngImagePlugin][DEBUG] - b'sBIT' 41 4 (unknown)
[2024-09-25 20:21:24,186][PIL.PngImagePlugin][DEBUG] - STREAM b'pHYs' 57 9
[2024-09-25 20:21:24,187][PIL.PngImagePlugin][DEBUG] - STREAM b'IDAT' 78 263
[2024-09-25 20:21:24,192][PIL.PngImagePlugin][DEBUG] - STREAM b'IHDR' 16 13
[2024-09-25 20:21:24,193][PIL.PngImagePlugin][DEBUG] - STREAM b'sBIT' 41 4
[2024-09-25 20:21:24,193][PIL.PngImagePlugin][DEBUG] - b'sBIT' 41 4 (unknown)
[2024-09-25 20:21:24,194][PIL.PngImagePlugin][DEBUG] - STREAM b'pHYs' 57 9
[2024-09-25 20:21:24,194][PIL.PngImagePlugin][DEBUG] - STREAM b'IDAT' 78 387
[2024-09-25 20:21:24,197][PIL.PngImagePlugin][DEBUG] - STREAM b'IHDR' 16 13
[2024-09-25 20:21:24,198][PIL.PngImagePlugin][DEBUG] - STREAM b'sBIT' 41 4
[2024-09-25 20:21:24,198][PIL.PngImagePlugin][DEBUG] - b'sBIT' 41 4 (unknown)
[2024-09-25 20:21:24,198][PIL.PngImagePlugin][DEBUG] - STREAM b'pHYs' 57 9
[2024-09-25 20:21:24,199][PIL.PngImagePlugin][DEBUG] - STREAM b'IDAT' 78 436
[2024-09-25 20:21:24,201][PIL.PngImagePlugin][DEBUG] - STREAM b'IHDR' 16 13
[2024-09-25 20:21:24,202][PIL.PngImagePlugin][DEBUG] - STREAM b'sBIT' 41 4
[2024-09-25 20:21:24,202][PIL.PngImagePlugin][DEBUG] - b'sBIT' 41 4 (unknown)
[2024-09-25 20:21:24,203][PIL.PngImagePlugin][DEBUG] - STREAM b'pHYs' 57 9
[2024-09-25 20:21:24,204][PIL.PngImagePlugin][DEBUG] - STREAM b'IDAT' 78 351
[2024-09-25 20:21:24,209][PIL.PngImagePlugin][DEBUG] - STREAM b'IHDR' 16 13
[2024-09-25 20:21:24,210][PIL.PngImagePlugin][DEBUG] - STREAM b'sBIT' 41 4
[2024-09-25 20:21:24,211][PIL.PngImagePlugin][DEBUG] - b'sBIT' 41 4 (unknown)
[2024-09-25 20:21:24,212][PIL.PngImagePlugin][DEBUG] - STREAM b'pHYs' 57 9
[2024-09-25 20:21:24,213][PIL.PngImagePlugin][DEBUG] - STREAM b'IDAT' 78 364
[2024-09-25 20:21:25,065][GRUtopia/logs/_log_20240925_200419.txt][INFO] - Saved global topdown map at height 4 to /ssd/xiaxinyuan/code/w61-grutopia/logs/images/train/5/global_topdown_map_5LpN3gDmAk7_4.jpg
[2024-09-25 20:22:22,071][timm.models._builder][INFO] - Loading pretrained weights from Hugging Face hub (timm/vit_large_patch16_384.augreg_in21k_ft_in1k)
[2024-09-25 20:22:22,088][urllib3.connectionpool][DEBUG] - Starting new HTTPS connection (1): huggingface.co:443
[2024-09-25 20:22:23,009][urllib3.connectionpool][DEBUG] - https://huggingface.co:443 "HEAD /timm/vit_large_patch16_384.augreg_in21k_ft_in1k/resolve/main/model.safetensors HTTP/1.1" 302 0
[2024-09-25 20:22:23,021][timm.models._hub][INFO] - [timm/vit_large_patch16_384.augreg_in21k_ft_in1k] Safe alternative available for 'pytorch_model.bin' (as 'model.safetensors'). Loading weights using safetensors.
